# JRE version: OpenJDK Runtime Environment (8.0_242-b01) (build 1.8.0_242-release-1644-b01)
# Java VM: OpenJDK 64-Bit Server VM (25.242-b01 mixed mode windows-amd64 compressed oops)
Heap:
 PSYoungGen      total 79360K, used 4065K [0x00000000e0000000, 0x00000000e7300000, 0x0000000100000000)
  eden space 68608K, 5% used [0x00000000e0000000,0x00000000e03f8438,0x00000000e4300000)
  from space 10752K, 0% used [0x00000000e4300000,0x00000000e4300000,0x00000000e4d80000)
  to   space 10752K, 0% used [0x00000000e6880000,0x00000000e6880000,0x00000000e7300000)
 ParOldGen       total 89600K, used 16351K [0x00000000a0000000, 0x00000000a5780000, 0x00000000e0000000)
  object space 89600K, 18% used [0x00000000a0000000,0x00000000a0ff7c80,0x00000000a5780000)
 Metaspace       used 34943K, capacity 35826K, committed 35928K, reserved 1081344K
  class space    used 4744K, capacity 4982K, committed 4992K, reserved 1048576K
GC Heap History (10 events):
Event: 15.154 GC heap before
{Heap before GC invocations=9 (full 1):
 PSYoungGen      total 42496K, used 35823K [0x00000000e0000000, 0x00000000e4600000, 0x0000000100000000)
  eden space 31232K, 100% used [0x00000000e0000000,0x00000000e1e80000,0x00000000e1e80000)
  from space 11264K, 40% used [0x00000000e1e80000,0x00000000e22fbd48,0x00000000e2980000)
  to   space 11264K, 0% used [0x00000000e3b00000,0x00000000e3b00000,0x00000000e4600000)
 ParOldGen       total 60416K, used 9530K [0x00000000a0000000, 0x00000000a3b00000, 0x00000000e0000000)
  object space 60416K, 15% used [0x00000000a0000000,0x00000000a094ea40,0x00000000a3b00000)
 Metaspace       used 27765K, capacity 28178K, committed 28544K, reserved 1073152K
  class space    used 3775K, capacity 3941K, committed 3968K, reserved 1048576K
Event: 15.193 GC heap after
Heap after GC invocations=9 (full 1):
 PSYoungGen      total 60928K, used 6227K [0x00000000e0000000, 0x00000000e4700000, 0x0000000100000000)
  eden space 49664K, 0% used [0x00000000e0000000,0x00000000e0000000,0x00000000e3080000)
  from space 11264K, 55% used [0x00000000e3b00000,0x00000000e4114c98,0x00000000e4600000)
  to   space 10752K, 0% used [0x00000000e3080000,0x00000000e3080000,0x00000000e3b00000)
 ParOldGen       total 60416K, used 9538K [0x00000000a0000000, 0x00000000a3b00000, 0x00000000e0000000)
  object space 60416K, 15% used [0x00000000a0000000,0x00000000a0950a40,0x00000000a3b00000)
 Metaspace       used 27765K, capacity 28178K, committed 28544K, reserved 1073152K
  class space    used 3775K, capacity 3941K, committed 3968K, reserved 1048576K
}
Event: 17.035 GC heap before
{Heap before GC invocations=10 (full 1):
 PSYoungGen      total 60928K, used 55891K [0x00000000e0000000, 0x00000000e4700000, 0x0000000100000000)
  eden space 49664K, 100% used [0x00000000e0000000,0x00000000e3080000,0x00000000e3080000)
  from space 11264K, 55% used [0x00000000e3b00000,0x00000000e4114c98,0x00000000e4600000)
  to   space 10752K, 0% used [0x00000000e3080000,0x00000000e3080000,0x00000000e3b00000)
 ParOldGen       total 60416K, used 9538K [0x00000000a0000000, 0x00000000a3b00000, 0x00000000e0000000)
  object space 60416K, 15% used [0x00000000a0000000,0x00000000a0950a40,0x00000000a3b00000)
 Metaspace       used 30378K, capacity 30896K, committed 31232K, reserved 1077248K
  class space    used 4106K, capacity 4271K, committed 4352K, reserved 1048576K
Event: 17.056 GC heap after
Heap after GC invocations=10 (full 1):
 PSYoungGen      total 60416K, used 7917K [0x00000000e0000000, 0x00000000e5800000, 0x0000000100000000)
  eden space 49664K, 0% used [0x00000000e0000000,0x00000000e0000000,0x00000000e3080000)
  from space 10752K, 73% used [0x00000000e3080000,0x00000000e383b5b8,0x00000000e3b00000)
  to   space 10752K, 0% used [0x00000000e4d80000,0x00000000e4d80000,0x00000000e5800000)
 ParOldGen       total 60416K, used 9546K [0x00000000a0000000, 0x00000000a3b00000, 0x00000000e0000000)
  object space 60416K, 15% used [0x00000000a0000000,0x00000000a0952a40,0x00000000a3b00000)
 Metaspace       used 30378K, capacity 30896K, committed 31232K, reserved 1077248K
  class space    used 4106K, capacity 4271K, committed 4352K, reserved 1048576K
}
Event: 19.072 GC heap before
{Heap before GC invocations=11 (full 1):
 PSYoungGen      total 60416K, used 57581K [0x00000000e0000000, 0x00000000e5800000, 0x0000000100000000)
  eden space 49664K, 100% used [0x00000000e0000000,0x00000000e3080000,0x00000000e3080000)
  from space 10752K, 73% used [0x00000000e3080000,0x00000000e383b5b8,0x00000000e3b00000)
  to   space 10752K, 0% used [0x00000000e4d80000,0x00000000e4d80000,0x00000000e5800000)
 ParOldGen       total 60416K, used 9546K [0x00000000a0000000, 0x00000000a3b00000, 0x00000000e0000000)
  object space 60416K, 15% used [0x00000000a0000000,0x00000000a0952a40,0x00000000a3b00000)
 Metaspace       used 33298K, capacity 33880K, committed 34176K, reserved 1079296K
  class space    used 4549K, capacity 4723K, committed 4736K, reserved 1048576K
Event: 19.134 GC heap after
Heap after GC invocations=11 (full 1):
 PSYoungGen      total 79360K, used 5773K [0x00000000e0000000, 0x00000000e5a00000, 0x0000000100000000)
  eden space 68608K, 0% used [0x00000000e0000000,0x00000000e0000000,0x00000000e4300000)
  from space 10752K, 53% used [0x00000000e4d80000,0x00000000e5323720,0x00000000e5800000)
  to   space 10752K, 0% used [0x00000000e4300000,0x00000000e4300000,0x00000000e4d80000)
 ParOldGen       total 60416K, used 13554K [0x00000000a0000000, 0x00000000a3b00000, 0x00000000e0000000)
  object space 60416K, 22% used [0x00000000a0000000,0x00000000a0d3ca90,0x00000000a3b00000)
 Metaspace       used 33298K, capacity 33880K, committed 34176K, reserved 1079296K
  class space    used 4549K, capacity 4723K, committed 4736K, reserved 1048576K
}
Event: 21.522 GC heap before
{Heap before GC invocations=12 (full 1):
 PSYoungGen      total 79360K, used 37930K [0x00000000e0000000, 0x00000000e5a00000, 0x0000000100000000)
  eden space 68608K, 46% used [0x00000000e0000000,0x00000000e1f673f8,0x00000000e4300000)
  from space 10752K, 53% used [0x00000000e4d80000,0x00000000e5323720,0x00000000e5800000)
  to   space 10752K, 0% used [0x00000000e4300000,0x00000000e4300000,0x00000000e4d80000)
 ParOldGen       total 60416K, used 13554K [0x00000000a0000000, 0x00000000a3b00000, 0x00000000e0000000)
  object space 60416K, 22% used [0x00000000a0000000,0x00000000a0d3ca90,0x00000000a3b00000)
 Metaspace       used 34463K, capacity 35324K, committed 35416K, reserved 1079296K
  class space    used 4708K, capacity 4952K, committed 4992K, reserved 1048576K
Event: 21.541 GC heap after
Heap after GC invocations=12 (full 1):
 PSYoungGen      total 79360K, used 2772K [0x00000000e0000000, 0x00000000e7300000, 0x0000000100000000)
  eden space 68608K, 0% used [0x00000000e0000000,0x00000000e0000000,0x00000000e4300000)
  from space 10752K, 25% used [0x00000000e4300000,0x00000000e45b5088,0x00000000e4d80000)
  to   space 10752K, 0% used [0x00000000e6880000,0x00000000e6880000,0x00000000e7300000)
 ParOldGen       total 60416K, used 16344K [0x00000000a0000000, 0x00000000a3b00000, 0x00000000e0000000)
  object space 60416K, 27% used [0x00000000a0000000,0x00000000a0ff6220,0x00000000a3b00000)
 Metaspace       used 34463K, capacity 35324K, committed 35416K, reserved 1079296K
  class space    used 4708K, capacity 4952K, committed 4992K, reserved 1048576K
}
Event: 21.541 GC heap before
{Heap before GC invocations=13 (full 2):
 PSYoungGen      total 79360K, used 2772K [0x00000000e0000000, 0x00000000e7300000, 0x0000000100000000)
  eden space 68608K, 0% used [0x00000000e0000000,0x00000000e0000000,0x00000000e4300000)
  from space 10752K, 25% used [0x00000000e4300000,0x00000000e45b5088,0x00000000e4d80000)
  to   space 10752K, 0% used [0x00000000e6880000,0x00000000e6880000,0x00000000e7300000)
 ParOldGen       total 60416K, used 16344K [0x00000000a0000000, 0x00000000a3b00000, 0x00000000e0000000)
  object space 60416K, 27% used [0x00000000a0000000,0x00000000a0ff6220,0x00000000a3b00000)
 Metaspace       used 34463K, capacity 35324K, committed 35416K, reserved 1079296K
  class space    used 4708K, capacity 4952K, committed 4992K, reserved 1048576K
Event: 21.717 GC heap after
Heap after GC invocations=13 (full 2):
 PSYoungGen      total 79360K, used 0K [0x00000000e0000000, 0x00000000e7300000, 0x0000000100000000)
  eden space 68608K, 0% used [0x00000000e0000000,0x00000000e0000000,0x00000000e4300000)
  from space 10752K, 0% used [0x00000000e4300000,0x00000000e4300000,0x00000000e4d80000)
  to   space 10752K, 0% used [0x00000000e6880000,0x00000000e6880000,0x00000000e7300000)
 ParOldGen       total 89600K, used 16351K [0x00000000a0000000, 0x00000000a5780000, 0x00000000e0000000)
  object space 89600K, 18% used [0x00000000a0000000,0x00000000a0ff7c80,0x00000000a5780000)
 Metaspace       used 34448K, capacity 35276K, committed 35416K, reserved 1079296K
  class space    used 4704K, capacity 4944K, committed 4992K, reserved 1048576K
}

